<?xml version="1.0" encoding="UTF-8"?>
<!-- Generated by org.testng.reporters.JUnitReportReporter -->
<testsuite skipped="2" hostname="KarthikReddyDevagudi" name="SkipExample.Example" tests="2" failures="0" timestamp="29 Mar 2020 11:12:02 GMT" time="0.008" errors="0">
  <testcase name="MethodA" time="0.000" classname="SkipExample.Example">
    <skipped/>
  </testcase> <!-- MethodA -->
  <testcase name="MethodB" time="0.008" classname="SkipExample.Example">
    <skipped/>
  </testcase> <!-- MethodB -->
</testsuite> <!-- SkipExample.Example -->
